


ARM Macro Assembler    Page 1 


    1 00000000                 AREA             AsciiConversion, CODE, READONLY
    2 00000000                 IMPORT           main
    3 00000000                 EXPORT           start
    4 00000000         
    5 00000000         start
    6 00000000 E3A07031        LDR              R7, ='1'
    7 00000004 E3A06030        LDR              R6, ='0'
    8 00000008 E3A05033        LDR              R5, ='3'
    9 0000000C E3A04034        LDR              R4, ='4'
   10 00000010 E3A03032        LDR              R3, ='2'
   11 00000014 E3A02037        LDR              R2, ='7'
   12 00000018 E3A01039        LDR              R1, ='9'
   13 0000001C E3A08030        MOV              R8, #0x30
   14 00000020         
   15 00000020 E0477008        SUB              R7, R7, R8
   16 00000024 E0466008        SUB              R6, R6, R8
   17 00000028 E0455008        SUB              R5, R5, R8
   18 0000002C E0444008        SUB              R4, R4, R8
   19 00000030 E0433008        SUB              R3, R3, R8
   20 00000034 E0422008        SUB              R2, R2, R8
   21 00000038 E0411008        SUB              R1, R1, R8
   22 0000003C         
   23 0000003C E59F8048        LDR              R8, = 1000000
   24 00000040 E0070798        MUL              R7, R8, R7
   25 00000044         
   26 00000044 E59F8044        LDR              R8, = 100000
   27 00000048 E0060698        MUL              R6, R8, R6
   28 0000004C         
   29 0000004C E59F8040        LDR              R8, = 10000
   30 00000050 E0050598        MUL              R5, R8, R5
   31 00000054         
   32 00000054 E3A08FFA        LDR              R8, = 1000
   33 00000058 E0040498        MUL              R4, R8, R4
   34 0000005C         
   35 0000005C E3A08064        LDR              R8, = 100
   36 00000060 E0030398        MUL              R3, R8, R3
   37 00000064         
   38 00000064 E3A0800A        LDR              R8, = 10
   39 00000068 E0020298        MUL              R2, R8, R2
   40 0000006C         
   41 0000006C E1A00007        MOV              R0, R7
   42 00000070 E0860000        ADD              R0, R6, R0
   43 00000074 E0850000        ADD              R0, R5, R0
   44 00000078 E0840000        ADD              R0, R4, R0
   45 0000007C E0830000        ADD              R0, R3, R0
   46 00000080 E0820000        ADD              R0, R2, R0
   47 00000084 E0810000        ADD              R0, R1, R0
   48 00000088         
   49 00000088 EAFFFFFE 
                       stop    B                stop
   50 0000008C         
   51 0000008C                 END
              000F4240 
              000186A0 
              00002710 
Command Line: --debug --xref --diag_suppress=9931 --apcs=interwork --depend=.\f
irstprogram.d -o.\firstprogram.o -IC:\Keil_v5\ARM\RV31\INC -IC:\Keil_v5\ARM\CMS
IS\Include -IC:\Keil_v5\ARM\Inc\Philips --predefine="__EVAL SETA 1" --predefine
="__MICROLIB SETA 1" --predefine="__UVISION_VERSION SETA 516" --predefine="NO_C



ARM Macro Assembler    Page 2 


LOCK_SETUP SETA 1" --predefine="NO_EMC_SETUP SETA 1" --predefine="RAM_INTVEC SE
TA 1" --predefine="RAM_MODE SETA 1" --predefine="REMAP SETA 1" --list=.\firstpr
ogram.lst FirstProgram.s



ARM Macro Assembler    Page 1 Alphabetic symbol ordering
Relocatable symbols

AsciiConversion 00000000

Symbol: AsciiConversion
   Definitions
      At line 1 in file FirstProgram.s
   Uses
      None
Comment: AsciiConversion unused
start 00000000

Symbol: start
   Definitions
      At line 5 in file FirstProgram.s
   Uses
      At line 3 in file FirstProgram.s
Comment: start used once
stop 00000088

Symbol: stop
   Definitions
      At line 49 in file FirstProgram.s
   Uses
      At line 49 in file FirstProgram.s
Comment: stop used once
3 symbols



ARM Macro Assembler    Page 1 Alphabetic symbol ordering
External symbols

main 00000000

Symbol: main
   Definitions
      At line 2 in file FirstProgram.s
   Uses
      None
Comment: main unused
1 symbol
344 symbols in table
