


ARM Macro Assembler    Page 1 


    1 00000000                 AREA             Parity, CODE, READONLY
    2 00000000                 IMPORT           main
    3 00000000                 EXPORT           start
    4 00000000         
    5 00000000         start
    6 00000000 E3A00016        LDR              r0,  =0x16
    7 00000004 E1A04000        MOV              r4, r0
    8 00000008 E3A01001        LDR              r1,  =0x1
    9 0000000C E3A02000        LDR              r2,  =0x0
   10 00000010 E3A03000        LDR              r3,  =0x0
   11 00000014         
   12 00000014 E0002001        AND              r2, r0, r1
   13 00000018 E0833002        ADD              r3, r3, r2
   14 0000001C E1A000A0        MOV              r0, r0, LSR #1
   15 00000020         
   16 00000020 E0002001        AND              r2, r0, r1
   17 00000024 E0833002        ADD              r3, r3, r2
   18 00000028 E1A000A0        MOV              r0, r0, LSR #1
   19 0000002C         
   20 0000002C E0002001        AND              r2, r0, r1
   21 00000030 E0833002        ADD              r3, r3, r2
   22 00000034 E1A000A0        MOV              r0, r0, LSR #1
   23 00000038         
   24 00000038 E0002001        AND              r2, r0, r1
   25 0000003C E0833002        ADD              r3, r3, r2
   26 00000040 E1A000A0        MOV              r0, r0, LSR #1
   27 00000044         
   28 00000044 E0002001        AND              r2, r0, r1
   29 00000048 E0833002        ADD              r3, r3, r2
   30 0000004C E1A000A0        MOV              r0, r0, LSR #1
   31 00000050         
   32 00000050 E0002001        AND              r2, r0, r1
   33 00000054 E0833002        ADD              r3, r3, r2
   34 00000058 E1A000A0        MOV              r0, r0, LSR #1
   35 0000005C         
   36 0000005C E0002001        AND              r2, r0, r1
   37 00000060 E0833002        ADD              r3, r3, r2
   38 00000064 E1A000A0        MOV              r0, r0, LSR #1
   39 00000068         
   40 00000068 E0002001        AND              r2, r0, r1
   41 0000006C E0833002        ADD              r3, r3, r2
   42 00000070         
   43 00000070 E1A03383        MOV              r3, r3, LSL #7
   44 00000074 E3A02080        LDR              r2,  =128
   45 00000078         
   46 00000078 E0023003        AND              r3, r2, r3
   47 0000007C E0230004        EOR              r0, r3, r4
   48 00000080         
   49 00000080         
   50 00000080 EAFFFFFE 
                       stop    B                stop
   51 00000084         
   52 00000084                 END
Command Line: --debug --xref --diag_suppress=9931 --apcs=interwork --depend=.\f
irstprogram.d -o.\firstprogram.o -IC:\Keil_v5\ARM\RV31\INC -IC:\Keil_v5\ARM\CMS
IS\Include -IC:\Keil_v5\ARM\Inc\Philips --predefine="__EVAL SETA 1" --predefine
="__MICROLIB SETA 1" --predefine="__UVISION_VERSION SETA 516" --predefine="NO_C
LOCK_SETUP SETA 1" --predefine="NO_EMC_SETUP SETA 1" --predefine="RAM_INTVEC SE
TA 1" --predefine="RAM_MODE SETA 1" --predefine="REMAP SETA 1" --list=.\firstpr



ARM Macro Assembler    Page 2 


ogram.lst FirstProgram.s



ARM Macro Assembler    Page 1 Alphabetic symbol ordering
Relocatable symbols

Parity 00000000

Symbol: Parity
   Definitions
      At line 1 in file FirstProgram.s
   Uses
      None
Comment: Parity unused
start 00000000

Symbol: start
   Definitions
      At line 5 in file FirstProgram.s
   Uses
      At line 3 in file FirstProgram.s
Comment: start used once
stop 00000080

Symbol: stop
   Definitions
      At line 50 in file FirstProgram.s
   Uses
      At line 50 in file FirstProgram.s
Comment: stop used once
3 symbols



ARM Macro Assembler    Page 1 Alphabetic symbol ordering
External symbols

main 00000000

Symbol: main
   Definitions
      At line 2 in file FirstProgram.s
   Uses
      None
Comment: main unused
1 symbol
342 symbols in table
