


ARM Macro Assembler    Page 1 


    1 00000000                 AREA             BitPattern, CODE, READONLY
    2 00000000                 IMPORT           main
    3 00000000                 EXPORT           start
    4 00000000         
    5 00000000         start
    6 00000000 E59F1044        LDR              R1, =2_011100010001111011001110
00111111
    7 00000004         
    8 00000004 E3A02021        LDR              r2, =33     ;Use to rotate arou
                                                            nd 32 bits
    9 00000008 E3A03000        LDR              r3, =0x0    ;NumOf1s
   10 0000000C E3A00000        LDR              r0, =0x0    ;Count number of co
                                                            ntigous sequences
   11 00000010 E1B02002        MOVS             r2, r2
   12 00000014         
   13 00000014         while
   14 00000014 0A00000B        BEQ              endwh
   15 00000018 E2014001        AND              r4, r1, #0x1
   16 0000001C E3540001        CMP              r4, #0x1
   17 00000020 1A000001        BNE              else1
   18 00000024 E2833001        ADD              r3, r3, #0x1
   19 00000028 EA000003        B                endif1
   20 0000002C         else1
   21 0000002C E3530000        CMP              r3, #0x0
   22 00000030 9A000001        BLS              endif2
   23 00000034 E2800001        ADD              r0, r0, #0x1
   24 00000038 E3A03000        LDR              r3, =0x0
   25 0000003C         endif2
   26 0000003C         endif1
   27 0000003C E1A010A1        MOV              r1, r1, LSR #1
   28 00000040 E2522001        SUBS             r2, r2, #0x1
   29 00000044 EAFFFFF2        B                while
   30 00000048         endwh
   31 00000048 EAFFFFFE 
                       stop    B                stop
   32 0000004C                 END
              711ECE3F 
Command Line: --debug --xref --diag_suppress=9931 --apcs=interwork --depend=.\f
irstprogram.d -o.\firstprogram.o -IC:\Keil_v5\ARM\RV31\INC -IC:\Keil_v5\ARM\CMS
IS\Include -IC:\Keil_v5\ARM\Inc\Philips --predefine="__EVAL SETA 1" --predefine
="__MICROLIB SETA 1" --predefine="__UVISION_VERSION SETA 516" --predefine="NO_C
LOCK_SETUP SETA 1" --predefine="NO_EMC_SETUP SETA 1" --predefine="RAM_INTVEC SE
TA 1" --predefine="RAM_MODE SETA 1" --predefine="REMAP SETA 1" --list=.\firstpr
ogram.lst FirstProgram.s



ARM Macro Assembler    Page 1 Alphabetic symbol ordering
Relocatable symbols

BitPattern 00000000

Symbol: BitPattern
   Definitions
      At line 1 in file FirstProgram.s
   Uses
      None
Comment: BitPattern unused
else1 0000002C

Symbol: else1
   Definitions
      At line 20 in file FirstProgram.s
   Uses
      At line 17 in file FirstProgram.s
Comment: else1 used once
endif1 0000003C

Symbol: endif1
   Definitions
      At line 26 in file FirstProgram.s
   Uses
      At line 19 in file FirstProgram.s
Comment: endif1 used once
endif2 0000003C

Symbol: endif2
   Definitions
      At line 25 in file FirstProgram.s
   Uses
      At line 22 in file FirstProgram.s
Comment: endif2 used once
endwh 00000048

Symbol: endwh
   Definitions
      At line 30 in file FirstProgram.s
   Uses
      At line 14 in file FirstProgram.s
Comment: endwh used once
start 00000000

Symbol: start
   Definitions
      At line 5 in file FirstProgram.s
   Uses
      At line 3 in file FirstProgram.s
Comment: start used once
stop 00000048

Symbol: stop
   Definitions
      At line 31 in file FirstProgram.s
   Uses
      At line 31 in file FirstProgram.s
Comment: stop used once
while 00000014

Symbol: while



ARM Macro Assembler    Page 2 Alphabetic symbol ordering
Relocatable symbols

   Definitions
      At line 13 in file FirstProgram.s
   Uses
      At line 29 in file FirstProgram.s
Comment: while used once
8 symbols



ARM Macro Assembler    Page 1 Alphabetic symbol ordering
External symbols

main 00000000

Symbol: main
   Definitions
      At line 2 in file FirstProgram.s
   Uses
      None
Comment: main unused
1 symbol
349 symbols in table
