


ARM Macro Assembler    Page 1 


    1 00000000                 AREA             HexToVal, CODE, READONLY
    2 00000000                 IMPORT           main
    3 00000000                 EXPORT           start
    4 00000000         
    5 00000000         start
    6 00000000 E59F104C        LDR              r1, =TestStr
    7 00000004 E3A00000        LDR              r0, =0
    8 00000008 E4D12001        LDRB             r2, [r1], #1
    9 0000000C         while
   10 0000000C E3520000        CMP              r2, #0
   11 00000010 0A00000E        BEQ              endwhile
   12 00000014         
   13 00000014 E1A00200        LSL              r0, r0, #4
   14 00000018 E20240F0        AND              r4, r2, #0xF0
   15 0000001C         
   16 0000001C E3540030        CMP              r4, #0x30
   17 00000020 1A000001        BNE              notnum
   18 00000024 E3A03030        MOV              r3, #0x30
   19 00000028 EA000004        B                setSub
   20 0000002C         notnum
   21 0000002C E3540040        CMP              r4, #0x40
   22 00000030 1A000001        BNE              notCap
   23 00000034 E3A03037        MOV              r3, #0x37
   24 00000038 EA000000        B                setSub
   25 0000003C         notCap
   26 0000003C E3A03057        MOV              r3, #0x57
   27 00000040         setSub
   28 00000040 E0422003        SUB              r2, r2, r3
   29 00000044 E0800002        ADD              r0, r0, r2
   30 00000048 E4D12001        LDRB             r2, [r1], #1
   31 0000004C EAFFFFEE        B                while
   32 00000050         
   33 00000050         endwhile
   34 00000050 EAFFFFFE 
                       stop    B                stop
   35 00000054         
   36 00000054 00000000        AREA             HexToVal, DATA, READWRITE
   37 00000058 31 32 33 
              61 42 63 
              31 32 00 TestStr DCB              "123aBc12",0
   38 00000061                 END
Command Line: --debug --xref --diag_suppress=9931 --apcs=interwork --depend=.\f
irstprogram.d -o.\firstprogram.o -IC:\Keil_v5\ARM\RV31\INC -IC:\Keil_v5\ARM\CMS
IS\Include -IC:\Keil_v5\ARM\Inc\Philips --predefine="__EVAL SETA 1" --predefine
="__MICROLIB SETA 1" --predefine="__UVISION_VERSION SETA 516" --predefine="NO_C
LOCK_SETUP SETA 1" --predefine="NO_EMC_SETUP SETA 1" --predefine="RAM_INTVEC SE
TA 1" --predefine="RAM_MODE SETA 1" --predefine="REMAP SETA 1" --list=.\firstpr
ogram.lst FirstProgram.s



ARM Macro Assembler    Page 1 Alphabetic symbol ordering
Relocatable symbols

HexToVal 00000000

Symbol: HexToVal
   Definitions
      At line 1 in file FirstProgram.s
   Uses
      None
Comment: HexToVal unused
TestStr 00000058

Symbol: TestStr
   Definitions
      At line 37 in file FirstProgram.s
   Uses
      At line 6 in file FirstProgram.s
Comment: TestStr used once
endwhile 00000050

Symbol: endwhile
   Definitions
      At line 33 in file FirstProgram.s
   Uses
      At line 11 in file FirstProgram.s
Comment: endwhile used once
notCap 0000003C

Symbol: notCap
   Definitions
      At line 25 in file FirstProgram.s
   Uses
      At line 22 in file FirstProgram.s
Comment: notCap used once
notnum 0000002C

Symbol: notnum
   Definitions
      At line 20 in file FirstProgram.s
   Uses
      At line 17 in file FirstProgram.s
Comment: notnum used once
setSub 00000040

Symbol: setSub
   Definitions
      At line 27 in file FirstProgram.s
   Uses
      At line 19 in file FirstProgram.s
      At line 24 in file FirstProgram.s

start 00000000

Symbol: start
   Definitions
      At line 5 in file FirstProgram.s
   Uses
      At line 3 in file FirstProgram.s
Comment: start used once
stop 00000050




ARM Macro Assembler    Page 2 Alphabetic symbol ordering
Relocatable symbols

Symbol: stop
   Definitions
      At line 34 in file FirstProgram.s
   Uses
      At line 34 in file FirstProgram.s
Comment: stop used once
while 0000000C

Symbol: while
   Definitions
      At line 9 in file FirstProgram.s
   Uses
      At line 31 in file FirstProgram.s
Comment: while used once
9 symbols



ARM Macro Assembler    Page 1 Alphabetic symbol ordering
External symbols

main 00000000

Symbol: main
   Definitions
      At line 2 in file FirstProgram.s
   Uses
      None
Comment: main unused
1 symbol
350 symbols in table
